<?xml version="1.0" encoding="UTF-8"?>
<!-- Generated by org.testng.reporters.JUnitXMLReporter -->
<testsuite ignored="0" hostname="DESKTOP-H290O4K" failures="1" tests="1" name="chromeTest" time="376.433" errors="0" timestamp="2023-12-09T10:44:36 IST">
  <testcase classname="testCases.TC001_WF1_EveryTime_Rec_Save" name="testWFEveryTimeRecSave" time="370.926">
    <failure type="java.lang.AssertionError" message="The following asserts failed:
	expected [Madhan Mohan] but found [Rsoft IT]">
      <![CDATA[java.lang.AssertionError: The following asserts failed:
expected [Madhan Mohan] but found [Rsoft IT]
at testCases.TC001_WF1_EveryTime_Rec_Save.testWFEveryTimeRecSave(TC001_WF1_EveryTime_Rec_Save.java:220)
at java.base/java.util.ArrayList.forEach(ArrayList.java:1511)
... Removed 33 stack frames]]>
    </failure>
  </testcase> <!-- testWFEveryTimeRecSave -->
</testsuite> <!-- chromeTest -->
