<?xml version="1.0" encoding="UTF-8"?>
<!-- Generated by org.testng.reporters.JUnitReportReporter -->
<testsuite hostname="DESKTOP-H290O4K" failures="1" tests="1" name="testCases.TC_001_SFI_All_Mobile" time="33.127" errors="0" timestamp="2023-11-22T16:23:30 IST" skipped="0">
  <testcase classname="testCases.TC_001_SFI_All_Mobile" name="TestMobileIndividualControls" time="33.127">
    <failure message="stale element reference: stale element not found
  (Session info: chrome=119.0.6045.163)
For documentation on this error, please visit: https://www.selenium.dev/documentation/webdriver/troubleshooting/errors#stale-element-reference-exception
Build info: version: &#039;4.15.0&#039;, revision: &#039;1d14b5521b&#039;
System info: os.name: &#039;Windows 11&#039;, os.arch: &#039;amd64&#039;, os.version: &#039;10.0&#039;, java.version: &#039;17.0.8.1&#039;
Driver info: io.appium.java_client.android.AndroidDriver
Command: [eb3d64d0-a219-42ff-a06a-cd881892dbb2, executeScript {script=arguments[0].click();, args=[{element-6066-11e4-a52e-4f735466cecf=831358C18A61BA9393702382B8D11BD4_element_12}]}]
Capabilities {appium:autoGrantPermissions: true, appium:automationName: UIAutomator2, appium:databaseEnabled: false, appium:desired: {appActivity: com.google.android.apps.chr..., appPackage: com.android.chrome, autoGrantPermissions: true, automationName: UIAutomator2, browserName: Chrome, deviceName: R9ZR908HTNR, noReset: true, platformName: ANDROID, platformVersion: 13.0}, appium:deviceApiLevel: 33, appium:deviceManufacturer: samsung, appium:deviceModel: SM-T220, appium:deviceName: R9ZR908HTNR, appium:deviceScreenDensity: 213, appium:deviceScreenSize: 800x1340, appium:deviceUDID: R9ZR908HTNR, appium:javascriptEnabled: true, appium:locationContextEnabled: false, appium:networkConnectionEnabled: true, appium:noReset: true, appium:pixelRatio: 1.3312501, appium:platformVersion: 13, appium:statBarHeight: 32, appium:takesScreenshot: true, appium:viewportRect: {height: 1244, left: 0, top: 32, width: 800}, appium:warnings: {}, appium:webStorageEnabled: false, browserName: Chrome, platformName: ANDROID}
Session ID: eb3d64d0-a219-42ff-a06a-cd881892dbb2" type="java.lang.AssertionError">
      <![CDATA[java.lang.AssertionError: stale element reference: stale element not found
  (Session info: chrome=119.0.6045.163)
For documentation on this error, please visit: https://www.selenium.dev/documentation/webdriver/troubleshooting/errors#stale-element-reference-exception
Build info: version: '4.15.0', revision: '1d14b5521b'
System info: os.name: 'Windows 11', os.arch: 'amd64', os.version: '10.0', java.version: '17.0.8.1'
Driver info: io.appium.java_client.android.AndroidDriver
Command: [eb3d64d0-a219-42ff-a06a-cd881892dbb2, executeScript {script=arguments[0].click();, args=[{element-6066-11e4-a52e-4f735466cecf=831358C18A61BA9393702382B8D11BD4_element_12}]}]
Capabilities {appium:autoGrantPermissions: true, appium:automationName: UIAutomator2, appium:databaseEnabled: false, appium:desired: {appActivity: com.google.android.apps.chr..., appPackage: com.android.chrome, autoGrantPermissions: true, automationName: UIAutomator2, browserName: Chrome, deviceName: R9ZR908HTNR, noReset: true, platformName: ANDROID, platformVersion: 13.0}, appium:deviceApiLevel: 33, appium:deviceManufacturer: samsung, appium:deviceModel: SM-T220, appium:deviceName: R9ZR908HTNR, appium:deviceScreenDensity: 213, appium:deviceScreenSize: 800x1340, appium:deviceUDID: R9ZR908HTNR, appium:javascriptEnabled: true, appium:locationContextEnabled: false, appium:networkConnectionEnabled: true, appium:noReset: true, appium:pixelRatio: 1.3312501, appium:platformVersion: 13, appium:statBarHeight: 32, appium:takesScreenshot: true, appium:viewportRect: {height: 1244, left: 0, top: 32, width: 800}, appium:warnings: {}, appium:webStorageEnabled: false, browserName: Chrome, platformName: ANDROID}
Session ID: eb3d64d0-a219-42ff-a06a-cd881892dbb2
at org.testng.Assert.fail(Assert.java:111)
at testCases.TC_001_SFI_All_Mobile.TestMobileIndividualControls(TC_001_SFI_All_Mobile.java:669)
at java.base/jdk.internal.reflect.NativeMethodAccessorImpl.invoke0(Native Method)
at java.base/jdk.internal.reflect.NativeMethodAccessorImpl.invoke(NativeMethodAccessorImpl.java:77)
at java.base/jdk.internal.reflect.DelegatingMethodAccessorImpl.invoke(DelegatingMethodAccessorImpl.java:43)
at java.base/java.lang.reflect.Method.invoke(Method.java:568)
at org.testng.internal.invokers.MethodInvocationHelper.invokeMethod(MethodInvocationHelper.java:139)
at org.testng.internal.invokers.TestInvoker.invokeMethod(TestInvoker.java:664)
at org.testng.internal.invokers.TestInvoker.invokeTestMethod(TestInvoker.java:227)
at org.testng.internal.invokers.MethodRunner.runInSequence(MethodRunner.java:50)
at org.testng.internal.invokers.TestInvoker$MethodInvocationAgent.invoke(TestInvoker.java:957)
at org.testng.internal.invokers.TestInvoker.invokeTestMethods(TestInvoker.java:200)
at org.testng.internal.invokers.TestMethodWorker.invokeTestMethods(TestMethodWorker.java:148)
at org.testng.internal.invokers.TestMethodWorker.run(TestMethodWorker.java:128)
at java.base/java.util.ArrayList.forEach(ArrayList.java:1511)
at org.testng.TestRunner.privateRun(TestRunner.java:848)
at org.testng.TestRunner.run(TestRunner.java:621)
at org.testng.SuiteRunner.runTest(SuiteRunner.java:443)
at org.testng.SuiteRunner.runSequentially(SuiteRunner.java:437)
at org.testng.SuiteRunner.privateRun(SuiteRunner.java:397)
at org.testng.SuiteRunner.run(SuiteRunner.java:336)
at org.testng.SuiteRunnerWorker.runSuite(SuiteRunnerWorker.java:52)
at org.testng.SuiteRunnerWorker.run(SuiteRunnerWorker.java:95)
at org.testng.TestNG.runSuitesSequentially(TestNG.java:1280)
at org.testng.TestNG.runSuitesLocally(TestNG.java:1200)
at org.testng.TestNG.runSuites(TestNG.java:1114)
at org.testng.TestNG.run(TestNG.java:1082)
at org.testng.remote.AbstractRemoteTestNG.run(AbstractRemoteTestNG.java:115)
at org.testng.remote.RemoteTestNG.initAndRun(RemoteTestNG.java:251)
at org.testng.remote.RemoteTestNG.main(RemoteTestNG.java:77)
]]>
    </failure>
  </testcase> <!-- TestMobileIndividualControls -->
</testsuite> <!-- testCases.TC_001_SFI_All_Mobile -->
